
Deploying to stage dev
product-service › waiting
import-service › waiting
product-service › deploying
product-service › Running "serverless deploy --stage dev"
product-service › Running "serverless" from node_modules
product-service › Deploying rs-aws-bootcamp-be to stage dev (us-east-1)
product-service › Creating Swagger file...
product-service › No changes to deploy. Deployment skipped. (9s)
product-service › 1 deprecation found: run 'serverless doctor' for more details
product-service › Monitor all your API routes with Serverless Console: run "serverless --console"
product-service › no changes
import-service › deploying
import-service › Running "serverless deploy --stage dev --param sqsURL=https://sqs.us-east-1.amazonaws.com/654209632309/catalogItemsQueue --param sqsArn=arn:aws:sqs:us-east-1:654209632309:catalogItemsQueue"
import-service › Running "serverless" from node_modules
import-service › Deploying import-service-rs-aws-bootcamp-be to stage dev (us-east-1)
import-service › × Couldn't read types from file: ./src/types/api-types.d.ts
import-service › Creating Swagger file...
import-service › ✔ Service deployed to stack import-service-rs-aws-bootcamp-be-dev (63s)
import-service › endpoints:
import-service ›   GET - https://r3a39j2b28.execute-api.us-east-1.amazonaws.com/dev/import
import-service ›   GET - https://r3a39j2b28.execute-api.us-east-1.amazonaws.com/dev/swagger
import-service ›   GET - https://r3a39j2b28.execute-api.us-east-1.amazonaws.com/dev/swagger.json
import-service › functions:
import-service ›   importProductsFile: import-service-rs-aws-bootcamp-be-dev-importProductsFile (565 kB)
import-service ›   importFileParser: import-service-rs-aws-bootcamp-be-dev-importFileParser (699 kB)
import-service ›   swaggerUI: import-service-rs-aws-bootcamp-be-dev-swagger-ui (1.6 kB)
import-service ›   swaggerJSON: import-service-rs-aws-bootcamp-be-dev-swagger-json (1.9 kB)
import-service › Monitor all your API routes with Serverless Console: run "serverless --console"
import-service › Running "serverless info --verbose --stage dev --param sqsURL=https://sqs.us-east-1.amazonaws.com/654209632309/catalogItemsQueue --param sqsArn=arn:aws:sqs:us-east-1:654209632309:catalogItemsQueue"
import-service › Running "serverless" from node_modules
import-service › service: import-service-rs-aws-bootcamp-be
import-service › stage: dev
import-service › region: us-east-1
import-service › stack: import-service-rs-aws-bootcamp-be-dev
import-service › endpoint: GET - https://r3a39j2b28.execute-api.us-east-1.amazonaws.com/dev/import
import-service › functions:
import-service ›   importProductsFile: import-service-rs-aws-bootcamp-be-dev-importProductsFile
import-service ›   importFileParser: import-service-rs-aws-bootcamp-be-dev-importFileParser
import-service › 
import-service › Stack Outputs:
import-service ›   ImportProductsFileLambdaFunctionQualifiedArn: arn:aws:lambda:us-east-1:654209632309:function:import-service-rs-aws-bootcamp-be-dev-importProductsFile:13
import-service ›   SwaggerJSONLambdaFunctionQualifiedArn: arn:aws:lambda:us-east-1:654209632309:function:import-service-rs-aws-bootcamp-be-dev-swagger-json:6
import-service ›   SwaggerUILambdaFunctionQualifiedArn: arn:aws:lambda:us-east-1:654209632309:function:import-service-rs-aws-bootcamp-be-dev-swagger-ui:5
import-service ›   ImportFileParserLambdaFunctionQualifiedArn: arn:aws:lambda:us-east-1:654209632309:function:import-service-rs-aws-bootcamp-be-dev-importFileParser:16
import-service ›   ServiceEndpoint: https://r3a39j2b28.execute-api.us-east-1.amazonaws.com/dev
import-service ›   ServerlessDeploymentBucketName: import-service-rs-aws-bo-serverlessdeploymentbuck-1ggjqtjswww5p
import-service › deployed
